usage: choose_point.py [-h] [--config CONFIG]
                       [--dataset_type {nerf,llff,nsvf,co3d,auto,auto}]
                       [--scene_scale SCENE_SCALE] [--scale SCALE]
                       [--seq_id SEQ_ID] [--epoch_size EPOCH_SIZE]
                       [--white_bkgd WHITE_BKGD] [--llffhold LLFFHOLD]
                       [--normalize_by_bbox NORMALIZE_BY_BBOX]
                       [--data_bbox_scale DATA_BBOX_SCALE]
                       [--cam_scale_factor CAM_SCALE_FACTOR]
                       [--normalize_by_camera NORMALIZE_BY_CAMERA] [--perm]
                       [--step_size STEP_SIZE] [--sigma_thresh SIGMA_THRESH]
                       [--stop_thresh STOP_THRESH]
                       [--background_brightness BACKGROUND_BRIGHTNESS]
                       [--renderer_backend {cuvol,svox1,nvol}]
                       [--random_sigma_std RANDOM_SIGMA_STD]
                       [--random_sigma_std_background RANDOM_SIGMA_STD_BACKGROUND]
                       [--near_clip NEAR_CLIP] [--use_spheric_clip]
                       [--enable_random] [--last_sample_opaque]
                       [--train_dir TRAIN_DIR]
                       data_dir
choose_point.py: error: the following arguments are required: data_dir
usage: choose_point.py [-h] [--config CONFIG]
                       [--dataset_type {nerf,llff,nsvf,co3d,auto,auto}]
                       [--scene_scale SCENE_SCALE] [--scale SCALE]
                       [--seq_id SEQ_ID] [--epoch_size EPOCH_SIZE]
                       [--white_bkgd WHITE_BKGD] [--llffhold LLFFHOLD]
                       [--normalize_by_bbox NORMALIZE_BY_BBOX]
                       [--data_bbox_scale DATA_BBOX_SCALE]
                       [--cam_scale_factor CAM_SCALE_FACTOR]
                       [--normalize_by_camera NORMALIZE_BY_CAMERA] [--perm]
                       [--step_size STEP_SIZE] [--sigma_thresh SIGMA_THRESH]
                       [--stop_thresh STOP_THRESH]
                       [--background_brightness BACKGROUND_BRIGHTNESS]
                       [--renderer_backend {cuvol,svox1,nvol}]
                       [--random_sigma_std RANDOM_SIGMA_STD]
                       [--random_sigma_std_background RANDOM_SIGMA_STD_BACKGROUND]
                       [--near_clip NEAR_CLIP] [--use_spheric_clip]
                       [--enable_random] [--last_sample_opaque]
                       [--train_dir TRAIN_DIR]
                       data_dir
choose_point.py: error: the following arguments are required: data_dir
usage: choose_point.py [-h] [--config CONFIG]
                       [--dataset_type {nerf,llff,nsvf,co3d,auto,auto}]
                       [--scene_scale SCENE_SCALE] [--scale SCALE]
                       [--seq_id SEQ_ID] [--epoch_size EPOCH_SIZE]
                       [--white_bkgd WHITE_BKGD] [--llffhold LLFFHOLD]
                       [--normalize_by_bbox NORMALIZE_BY_BBOX]
                       [--data_bbox_scale DATA_BBOX_SCALE]
                       [--cam_scale_factor CAM_SCALE_FACTOR]
                       [--normalize_by_camera NORMALIZE_BY_CAMERA] [--perm]
                       [--step_size STEP_SIZE] [--sigma_thresh SIGMA_THRESH]
                       [--stop_thresh STOP_THRESH]
                       [--background_brightness BACKGROUND_BRIGHTNESS]
                       [--renderer_backend {cuvol,svox1,nvol}]
                       [--random_sigma_std RANDOM_SIGMA_STD]
                       [--random_sigma_std_background RANDOM_SIGMA_STD_BACKGROUND]
                       [--near_clip NEAR_CLIP] [--use_spheric_clip]
                       [--enable_random] [--last_sample_opaque]
                       [--train_dir TRAIN_DIR]
                       data_dir
choose_point.py: error: the following arguments are required: data_dir
